<?xml version="1.0" encoding="UTF-8"?>
<!-- Generated by org.testng.reporters.JUnitXMLReporter -->
<testsuite ignored="4" hostname="LAPTOP-MH6LOE0M" failures="1" tests="3" name="Test1" time="0.061" errors="0" timestamp="2022-11-15T17:12:34 IST">
  <testcase classname="practiseeee.testngtest" name="test" time="0.006"/>
  <testcase classname="practiseeee.testngsequencing" name="zebra" time="0.008"/>
  <testcase classname="practiseeee.testngsequencing" name="apple" time="0.008">
    <failure type="java.lang.AssertionError" message="null">
      <![CDATA[java.lang.AssertionError: null
at practiseeee.testngsequencing.apple(testngsequencing.java:12)
at java.base/java.util.concurrent.ThreadPoolExecutor.runWorker(ThreadPoolExecutor.java:1136)
at java.base/java.util.concurrent.ThreadPoolExecutor$Worker.run(ThreadPoolExecutor.java:635)
at java.base/java.lang.Thread.run(Thread.java:833)
... Removed 14 stack frames]]>
    </failure>
  </testcase> <!-- apple -->
  <testcase classname="practiseeee.testngcrossbrowser" name="cross" time="0.0">
    <ignored/>
  </testcase> <!-- cross -->
  <testcase classname="practiseeee.testngsequencing" name="dog" time="0.0">
    <ignored/>
  </testcase> <!-- dog -->
  <testcase classname="practiseeee.testngannotation" name="enterlogincredentials" time="0.0">
    <ignored/>
  </testcase> <!-- enterlogincredentials -->
  <testcase classname="practiseeee.testngsequencing" name="honey" time="0.0">
    <ignored/>
  </testcase> <!-- honey -->
</testsuite> <!-- Test1 -->
