<?xml version="1.0" encoding="UTF-8"?>
<testng-results ignored="0" total="1" passed="1" failed="0" skipped="0">
  <reporter-output>
  </reporter-output>
  <suite started-at="2023-02-17T21:19:18 IST" name="Default suite" finished-at="2023-02-17T21:19:29 IST" duration-ms="10322">
    <groups>
    </groups>
    <test started-at="2023-02-17T21:19:18 IST" name="Default test" finished-at="2023-02-17T21:19:29 IST" duration-ms="10322">
      <class name="login.copy.screenshot">
        <test-method signature="man()[pri:0, instance:login.copy.screenshot@2df9b86]" started-at="2023-02-17T21:19:19 IST" name="man" finished-at="2023-02-17T21:19:29 IST" duration-ms="10267" status="PASS">
          <reporter-output>
          </reporter-output>
        </test-method> <!-- man -->
      </class> <!-- login.copy.screenshot -->
    </test> <!-- Default test -->
  </suite> <!-- Default suite -->
</testng-results>
